<?xml version="1.0" encoding="UTF-8"?>
<!-- Generated by org.testng.reporters.JUnitXMLReporter -->
<testsuite hostname="PS-WIN-LP-91" ignored="0" name="Login Test" tests="2" failures="0" timestamp="10 Jun 2019 09:08:10 GMT" time="40.853" errors="0">
  <testcase name="doLoginTest" time="0.028" classname="com.qtpselenium.zoho.project.testcases.LoginTest">
    <skipped/>
  </testcase> <!-- doLoginTest -->
  <testcase name="doLoginTest" time="38.084" classname="com.qtpselenium.zoho.project.testcases.LoginTest"/>
</testsuite> <!-- Login Test -->
