<?xml version="1.0" encoding="UTF-8"?>
<!-- Generated by org.testng.reporters.JUnitXMLReporter -->
<testsuite hostname="PS-WIN-LP-91" ignored="0" name="Potential Test" tests="2" failures="0" timestamp="10 Jun 2019 09:10:13 GMT" time="163.2" errors="0">
  <testcase name="createPotentialTest" time="107.878" classname="com.qtpselenium.zoho.project.testcases.PotentialTest"/>
  <testcase name="deletePotentialAccountTest" time="53.717" classname="com.qtpselenium.zoho.project.testcases.PotentialTest"/>
</testsuite> <!-- Potential Test -->
